nohup: ignoring input

> last-price@1.0.0 start
> node server.js

[dotenv@17.3.1] injecting env (7) from .env -- tip: ⚙️  write to custom object with { processEnv: myObject }
[dotenv@17.3.1] injecting env (0) from .env -- tip: ⚙️  suppress all logs with { quiet: true }
/mnt/Shared/Projects/Github/LastPrice/node_modules/path-to-regexp/dist/index.js:96
            throw new PathError(`Missing parameter name at index ${index}`, str);
            ^

PathError [TypeError]: Missing parameter name at index 1: *; visit https://git.new/pathToRegexpError for info
    at name (/mnt/Shared/Projects/Github/LastPrice/node_modules/path-to-regexp/dist/index.js:96:19)
    at parse (/mnt/Shared/Projects/Github/LastPrice/node_modules/path-to-regexp/dist/index.js:113:68)
    at pathToRegexp (/mnt/Shared/Projects/Github/LastPrice/node_modules/path-to-regexp/dist/index.js:267:58)
    at Object.match (/mnt/Shared/Projects/Github/LastPrice/node_modules/path-to-regexp/dist/index.js:237:30)
    at matcher (/mnt/Shared/Projects/Github/LastPrice/node_modules/router/lib/layer.js:86:23)
    at new Layer (/mnt/Shared/Projects/Github/LastPrice/node_modules/router/lib/layer.js:93:62)
    at router.route (/mnt/Shared/Projects/Github/LastPrice/node_modules/router/index.js:428:17)
    at app.route (/mnt/Shared/Projects/Github/LastPrice/node_modules/express/lib/application.js:257:22)
    at app.<computed> [as get] (/mnt/Shared/Projects/Github/LastPrice/node_modules/express/lib/application.js:478:22)
    at Object.<anonymous> (/mnt/Shared/Projects/Github/LastPrice/server.js:61:9) {
  originalPath: '*'
}

Node.js v25.2.1
